<?xml version="1.0" encoding="UTF-8" ?>
<testsuite errors="1" failures="0" hostname="NCS-5CD010CZND" name="test.AllTests" skipped="0" tests="1" time="0.0" timestamp="2022-02-16T02:56:36">
  <properties>
    <property name="java.vendor" value="IBM Corporation" />
    <property name="env.USERDOMAIN_ROAMINGPROFILE" value="NCS" />
    <property name="env.DEFLOGDIR" value="C:\ProgramData\McAfee\Endpoint Security\Logs" />
    <property name="sun.java.launcher" value="SUN_STANDARD" />
    <property name="eclipse.pdebuild.templates" value="C:\Users\P1342662\eclipse\jee-2021-12\eclipse\..\..\..\.p2\pool\plugins\org.eclipse.pde.build_3.11.100.v20210916-0743\templates" />
    <property name="env.PROMPT" value="$P$G" />
    <property name="ant.file.StackAnnotationProject" value="C:\Users\P1342662\Documents\NUS ISS - DevOps Engineering and Automation\repo\StackAnnotation\build.xml" />
    <property name="env.DriverData" value="C:\Windows\System32\Drivers\DriverData" />
    <property name="os.name" value="Windows 10" />
    <property name="sun.boot.class.path" value="C:\Program Files (x86)\IBM\WebSphere\AppServer\java\jre\bin\compressedrefs\jclSC180\vm.jar;C:\Program Files (x86)\IBM\WebSphere\AppServer\java\jre\lib\se-service.jar;C:\Program Files (x86)\IBM\WebSphere\AppServer\java\jre\lib\math.jar;C:\Program Files (x86)\IBM\WebSphere\AppServer\java\jre\lib\ibmorb.jar;C:\Program Files (x86)\IBM\WebSphere\AppServer\java\jre\lib\ibmorbapi.jar;C:\Program Files (x86)\IBM\WebSphere\AppServer\java\jre\lib\ibmcfw.jar;C:\Program Files (x86)\IBM\WebSphere\AppServer\java\jre\lib\ibmpkcs.jar;C:\Program Files (x86)\IBM\WebSphere\AppServer\java\jre\lib\ibmcertpathfw.jar;C:\Program Files (x86)\IBM\WebSphere\AppServer\java\jre\lib\ibmjgssfw.jar;C:\Program Files (x86)\IBM\WebSphere\AppServer\java\jre\lib\ibmjssefw.jar;C:\Program Files (x86)\IBM\WebSphere\AppServer\java\jre\lib\ibmsaslfw.jar;C:\Program Files (x86)\IBM\WebSphere\AppServer\java\jre\lib\ibmjcefw.jar;C:\Program Files (x86)\IBM\WebSphere\AppServer\java\jre\lib\ibmjgssprovider.jar;C:\Program Files (x86)\IBM\WebSphere\AppServer\java\jre\lib\ibmjsseprovider2.jar;C:\Program Files (x86)\IBM\WebSphere\AppServer\java\jre\lib\ibmcertpathprovider.jar;C:\Program Files (x86)\IBM\WebSphere\AppServer\java\jre\lib\xmldsigfw.jar;C:\Program Files (x86)\IBM\WebSphere\AppServer\java\jre\lib\xml.jar;C:\Program Files (x86)\IBM\WebSphere\AppServer\java\jre\lib\charsets.jar;C:\Program Files (x86)\IBM\WebSphere\AppServer\java\jre\lib\resources.jar;C:\Program Files (x86)\IBM\WebSphere\AppServer\java\jre\lib\rt.jar;C:\Program Files (x86)\IBM\WebSphere\AppServer\java\jre\lib\dataaccess.jar" />
    <property name="env.COMPUTERNAME" value="NCS-5CD010CZND" />
    <property name="env.CommonProgramW6432" value="C:\Program Files\Common Files" />
    <property name="env.ALLUSERSPROFILE" value="C:\ProgramData" />
    <property name="sun.desktop" value="windows" />
    <property name="java.vm.specification.vendor" value="Oracle Corporation" />
    <property name="ant.home" value="C:\Users\P1342662\.p2\pool\plugins\org.apache.ant_1.10.12.v20211102-1452" />
    <property name="java.runtime.version" value="8.0.6.15 - pwa6480sr6fp15ifix-20200820_01(SR6 FP15+IJ26443)" />
    <property name="env.HOMEPATH" value="\" />
    <property name="env.HOMESHARE" value="\\ncs.corp.int-ads\staffhome\home05\p1342662" />
    <property name="env.IBM_JAVA_COMMAND_LINE" value="C:\Program Files (x86)\IBM\WebSphere\AppServer\java\bin\javaw.exe -Dant.home=C:\Users\P1342662\.p2\pool\plugins\org.apache.ant_1.10.12.v20211102-1452 -Dant.library.dir=C:\Users\P1342662\.p2\pool\plugins\org.apache.ant_1.10.12.v20211102-1452\lib -Djava.library.path=C:\Users\P1342662\eclipse\jee-2021-12\eclipse;C:\WINDOWS\Sun\Java\bin;C:\WINDOWS\system32;C:\WINDOWS;C:\Program Files\AdoptOpenJDK\jdk-11.0.3.7-hotspot\bin;C:\Program Files (x86)\Common Files\Oracle\Java\javapath;C:\WINDOWS\system32;C:\WINDOWS;C:\WINDOWS\System32\Wbem;C:\WINDOWS\System32\WindowsPowerShell\v1.0\;C:\WINDOWS\System32\OpenSSH\;C:\Program Files\AdoptOpenJDK\jdk-11.0.3.7-hotspot\bin;C:\apache-maven-3.6.0\bin;C:\Program Files\MySQL\MySQL Utilities 1.6\;C:\Program Files\ibm\gsk8\lib64;C:\Program Files (x86)\ibm\gsk8\lib;C:\PROGRA~1\IBM\SQLLIB\BIN;C:\Program Files\nodejs\;C:\PROGRA~1\IBM\SQLLIB\FUNCTION;C:\PROGRA~1\IBM\SQLLIB\SAMPLES\REPL;C:\Program Files\Microsoft SQL Server\Client SDK\ODBC\170\Tools\Binn\;C:\Program Files (x86)\Microsoft SQL Server\150\Tools\Binn\;C:\Program Files\Microsoft SQL Server\150\Tools\Binn\;C:\Program Files\Microsoft SQL Server\150\DTS\Binn\;C:\Program Files (x86)\Microsoft SQL Server\150\DTS\Binn\;C:\Program Files\Azure Data Studio\bin;C:\Users\P1342662\AppData\Local\Microsoft\WindowsApps;C:\Users\P1342662\AppData\Local\Programs\Git\cmd;C:\Users\P1342662\AppData\Local\Programs\Microsoft VS Code\bin;C:\Program Files\Azure Data Studio\bin;C:\Users\P1342662\AppData\Roaming\npm;.;C:\Users\P1342662\eclipse\jee-2021-12\eclipse\configuration\org.eclipse.osgi\749\0\.cp -Dfile.encoding=Cp1252 -classpath C:\Users\P1342662\.p2\pool\plugins\org.apache.ant_1.10.12.v20211102-1452\lib\ant-antlr.jar;C:\Users\P1342662\.p2\pool\plugins\org.apache.ant_1.10.12.v20211102-1452\lib\ant-apache-bcel.jar;C:\Users\P1342662\.p2\pool\plugins\org.apache.ant_1.10.12.v20211102-1452\lib\ant-apache-bsf.jar;C:\Users\P1342662\.p2\pool\plugins\org.apache.ant_1.10.12.v20211102-1452\lib\ant-apache-log4j.jar;C:\Users\P1342662\.p2\pool\plugins\org.apache.ant_1.10.12.v20211102-1452\lib\ant-apache-oro.jar;C:\Users\P1342662\.p2\pool\plugins\org.apache.ant_1.10.12.v20211102-1452\lib\ant-apache-regexp.jar;C:\Users\P1342662\.p2\pool\plugins\org.apache.ant_1.10.12.v20211102-1452\lib\ant-apache-resolver.jar;C:\Users\P1342662\.p2\pool\plugins\org.apache.ant_1.10.12.v20211102-1452\lib\ant-apache-xalan2.jar;C:\Users\P1342662\.p2\pool\plugins\org.apache.ant_1.10.12.v20211102-1452\lib\ant-commons-logging.jar;C:\Users\P1342662\.p2\pool\plugins\org.apache.ant_1.10.12.v20211102-1452\lib\ant-commons-net.jar;C:\Users\P1342662\.p2\pool\plugins\org.apache.ant_1.10.12.v20211102-1452\lib\ant-imageio.jar;C:\Users\P1342662\.p2\pool\plugins\org.apache.ant_1.10.12.v20211102-1452\lib\ant-jai.jar;C:\Users\P1342662\.p2\pool\plugins\org.apache.ant_1.10.12.v20211102-1452\lib\ant-javamail.jar;C:\Users\P1342662\.p2\pool\plugins\org.apache.ant_1.10.12.v20211102-1452\lib\ant-jdepend.jar;C:\Users\P1342662\.p2\pool\plugins\org.apache.ant_1.10.12.v20211102-1452\lib\ant-jmf.jar;C:\Users\P1342662\.p2\pool\plugins\org.apache.ant_1.10.12.v20211102-1452\lib\ant-jsch.jar;C:\Users\P1342662\.p2\pool\plugins\org.apache.ant_1.10.12.v20211102-1452\lib\ant-junit.jar;C:\Users\P1342662\.p2\pool\plugins\org.apache.ant_1.10.12.v20211102-1452\lib\ant-junit4.jar;C:\Users\P1342662\.p2\pool\plugins\org.apache.ant_1.10.12.v20211102-1452\lib\ant-junitlauncher.jar;C:\Users\P1342662\.p2\pool\plugins\org.apache.ant_1.10.12.v20211102-1452\lib\ant-launcher.jar;C:\Users\P1342662\.p2\pool\plugins\org.apache.ant_1.10.12.v20211102-1452\lib\ant-netrexx.jar;C:\Users\P1342662\.p2\pool\plugins\org.apache.ant_1.10.12.v20211102-1452\lib\ant-swing.jar;C:\Users\P1342662\.p2\pool\plugins\org.apache.ant_1.10.12.v20211102-1452\lib\ant-testutil.jar;C:\Users\P1342662\.p2\pool\plugins\org.apache.ant_1.10.12.v20211102-1452\lib\ant-xz.jar;C:\Users\P1342662\.p2\pool\plugins\org.apache.ant_1.10.12.v20211102-1452\lib\ant.jar;C:\Users\P1342662\eclipse\jee-2021-12\eclipse\configuration\org.eclipse.osgi\104\0\.cp\lib\antdebug.jar;C:\Users\P1342662\eclipse\jee-2021-12\eclipse\configuration\org.eclipse.osgi\104\0\.cp\lib\remote.jar;C:\Users\P1342662\eclipse\jee-2021-12\eclipse\configuration\org.eclipse.osgi\105\0\.cp\lib\remoteAnt.jar;C:\Program Files (x86)\IBM\WebSphere\AppServer\java\lib\tools.jar;C:\Users\P1342662\.p2\pool\plugins\org.eclipse.swt.win32.win32.x86_64_3.118.0.v20211123-0851.jar org.eclipse.ant.internal.launching.remote.InternalAntRunner -Dorg.eclipse.ant.core.ANT_PROCESS_ID=1644980189527 -Declipse.connect.port=60148 -Declipse.pdebuild.home=C:\Users\P1342662\eclipse\jee-2021-12\eclipse\..\..\..\.p2\pool\plugins\org.eclipse.pde.build_3.11.100.v20210916-0743\. -Declipse.pdebuild.scripts=C:\Users\P1342662\eclipse\jee-2021-12\eclipse\..\..\..\.p2\pool\plugins\org.eclipse.pde.build_3.11.100.v20210916-0743\scripts -Declipse.pdebuild.templates=C:\Users\P1342662\eclipse\jee-2021-12\eclipse\..\..\..\.p2\pool\plugins\org.eclipse.pde.build_3.11.100.v20210916-0743\templates -Dant.home=C:\Users\P1342662\.p2\pool\plugins\org.apache.ant_1.10.12.v20211102-1452 -logger org.eclipse.ant.internal.launching.remote.logger.RemoteAntBuildLogger -inputhandler org.eclipse.ant.internal.ui.antsupport.inputhandler.ProxyInputHandler -buildfile C:\Users\P1342662\Documents\NUS ISS - DevOps Engineering and Automation\repo\StackAnnotation\build.xml" />
    <property name="user.name" value="P1342662" />
    <property name="java.compiler" value="j9jit29" />
    <property name="os.encoding" value="UTF8" />
    <property name="com.ibm.util.extralibs.properties" value="" />
    <property name="com.ibm.jcl.checkClassPath" value="" />
    <property name="user.language" value="en" />
    <property name="com.ibm.oti.vm.bootstrap.library.path" value="C:\Program Files (x86)\IBM\WebSphere\AppServer\java\jre\bin\compressedrefs;C:\Program Files (x86)\IBM\WebSphere\AppServer\java\jre\bin" />
    <property name="env.OneDriveCommercial" value="C:\Users\P1342662\NCS Pte Ltd" />
    <property name="sun.boot.library.path" value="C:\Program Files (x86)\IBM\WebSphere\AppServer\java\jre\bin\compressedrefs;C:\Program Files (x86)\IBM\WebSphere\AppServer\java\jre\bin" />
    <property name="ant.project.default-target" value="build" />
    <property name="ant.project.name" value="StackAnnotationProject" />
    <property name="java.version" value="1.8.0_261" />
    <property name="env.PROCESSOR_IDENTIFIER" value="Intel64 Family 6 Model 142 Stepping 12, GenuineIntel" />
    <property name="user.timezone" value="" />
    <property name="env.INCLUDE" value="C:\PROGRA~1\IBM\SQLLIB\INCLUDE;C:\PROGRA~1\IBM\SQLLIB\LIB" />
    <property name="com.ibm.system.agent.path" value="C:\Program Files (x86)\IBM\WebSphere\AppServer\java\jre\bin" />
    <property name="env.TEMP" value="C:\Users\P1342662\AppData\Local\Temp" />
    <property name="sun.arch.data.model" value="64" />
    <property name="com.ibm.zero.version" value="2" />
    <property name="java.endorsed.dirs" value="C:\Program Files (x86)\IBM\WebSphere\AppServer\java\jre\lib\endorsed" />
    <property name="com.ibm.oti.vm.library.version" value="29" />
    <property name="env.HOMEDRIVE" value="H:" />
    <property name="sun.jnu.encoding" value="Cp1252" />
    <property name="ant.file.type.StackAnnotationProject" value="file" />
    <property name="file.encoding.pkg" value="sun.io" />
    <property name="ECLIPSE_HOME" value="../../eclipse" />
    <property name="file.separator" value="\" />
    <property name="java.specification.name" value="Java Platform API Specification" />
    <property name="java.class.version" value="52.0" />
    <property name="env.DB2INSTANCE" value="DB2" />
    <property name="user.country" value="US" />
    <property name="java.home" value="C:\Program Files (x86)\IBM\WebSphere\AppServer\java\jre" />
    <property name="env.PSModulePath" value="C:\Program Files\WindowsPowerShell\Modules;C:\WINDOWS\system32\WindowsPowerShell\v1.0\Modules;C:\Program Files (x86)\Microsoft SQL Server\150\Tools\PowerShell\Modules\;C:\Program Files (x86)\Microsoft Azure Information Protection\Powershell" />
    <property name="env.APPDATA" value="C:\Users\P1342662\AppData\Roaming" />
    <property name="env.PUBLIC" value="C:\Users\Public" />
    <property name="java.vm.info" value="JRE 1.8.0 Windows 10 amd64-64-Bit Compressed References 20200729_452626 (JIT enabled, AOT enabled)&#xa;OpenJ9   - 43296bc&#xa;OMR      - 08b0594&#xa;IBM      - 70917a2" />
    <property name="env.ComSpec" value="C:\WINDOWS\system32\cmd.exe" />
    <property name="env.OS" value="Windows_NT" />
    <property name="env.CommonProgramFiles" value="C:\Program Files\Common Files" />
    <property name="ant.file" value="C:\Users\P1342662\Documents\NUS ISS - DevOps Engineering and Automation\repo\StackAnnotation\build.xml" />
    <property name="os.version" value="10.0" />
    <property name="env.ProgramW6432" value="C:\Program Files" />
    <property name="java.awt.fonts" value="" />
    <property name="path.separator" value=";" />
    <property name="java.vm.version" value="2.9" />
    <property name="env.ZES_ENABLE_SYSMAN" value="1" />
    <property name="env.USERPROFILE" value="C:\Users\P1342662" />
    <property name="user.variant" value="" />
    <property name="ant.library.dir" value="C:\Users\P1342662\.p2\pool\plugins\org.apache.ant_1.10.12.v20211102-1452\lib" />
    <property name="env.LIB" value=";C:\PROGRA~1\IBM\SQLLIB\LIB" />
    <property name="console.encoding" value="Cp437" />
    <property name="junit.output.dir" value="junit" />
    <property name="env.JAVA_HOME" value="C:\Program Files\AdoptOpenJDK\jdk-11.0.3.7-hotspot" />
    <property name="java.awt.printerjob" value="sun.awt.windows.WPrinterJob" />
    <property name="env.TMP" value="C:\Users\P1342662\AppData\Local\Temp" />
    <property name="env.FPS_BROWSER_USER_PROFILE_STRING" value="Default" />
    <property name="sun.io.unicode.encoding" value="UnicodeLittle" />
    <property name="awt.toolkit" value="sun.awt.windows.WToolkit" />
    <property name="java.lang.stringBuffer.growAggressively" value="false" />
    <property name="ibm.signalhandling.sigint" value="true" />
    <property name="eclipse.pdebuild.scripts" value="C:\Users\P1342662\eclipse\jee-2021-12\eclipse\..\..\..\.p2\pool\plugins\org.eclipse.pde.build_3.11.100.v20210916-0743\scripts" />
    <property name="user.home" value="C:\Users\P1342662" />
    <property name="target" value="1.7" />
    <property name="com.ibm.cpu.endian" value="little" />
    <property name="env.ProgramData" value="C:\ProgramData" />
    <property name="env.ProgramFiles(x86)" value="C:\Program Files (x86)" />
    <property name="env.SESSIONNAME" value="Console" />
    <property name="env.CLASSPATH" value=".;C:\PROGRA~1\IBM\SQLLIB\java\db2java.zip;C:\PROGRA~1\IBM\SQLLIB\java\db2jcc4.jar;C:\PROGRA~1\IBM\SQLLIB\java\sqlj4.zip;C:\PROGRA~1\IBM\SQLLIB\java\db2jcc_license_cisuz.jar;C:\PROGRA~1\IBM\SQLLIB\java\db2jcc_license_cu.jar;C:\PROGRA~1\IBM\SQLLIB\bin;C:\PROGRA~1\IBM\SQLLIB\java\common.jar" />
    <property name="java.specification.vendor" value="Oracle Corporation" />
    <property name="ibm.signalhandling.sigchain" value="true" />
    <property name="env.M2_HOME" value="C:\apache-maven-3.6.0" />
    <property name="java.library.path" value="C:\Program Files (x86)\IBM\WebSphere\AppServer\java\jre\bin\compressedrefs;C:\Program Files (x86)\IBM\WebSphere\AppServer\java\jre\bin;C:\WINDOWS\system32;C:\WINDOWS;C:/Program Files/AdoptOpenJDK/jdk-11.0.3.7-hotspot/bin/server;C:/Program Files/AdoptOpenJDK/jdk-11.0.3.7-hotspot/bin;C:\Program Files\AdoptOpenJDK\jdk-11.0.3.7-hotspot\bin;C:\Program Files (x86)\Common Files\Oracle\Java\javapath;C:\WINDOWS\system32;C:\WINDOWS;C:\WINDOWS\System32\Wbem;C:\WINDOWS\System32\WindowsPowerShell\v1.0\;C:\WINDOWS\System32\OpenSSH\;C:\Program Files\AdoptOpenJDK\jdk-11.0.3.7-hotspot\bin;C:\apache-maven-3.6.0\bin;C:\Program Files\MySQL\MySQL Utilities 1.6\;C:\Program Files\ibm\gsk8\lib64;C:\Program Files (x86)\ibm\gsk8\lib;C:\PROGRA~1\IBM\SQLLIB\BIN;C:\Program Files\nodejs\;C:\PROGRA~1\IBM\SQLLIB\FUNCTION;C:\PROGRA~1\IBM\SQLLIB\SAMPLES\REPL;C:\Program Files\Microsoft SQL Server\Client SDK\ODBC\170\Tools\Binn\;C:\Program Files (x86)\Microsoft SQL Server\150\Tools\Binn\;C:\Program Files\Microsoft SQL Server\150\Tools\Binn\;C:\Program Files\Microsoft SQL Server\150\DTS\Binn\;C:\Program Files (x86)\Microsoft SQL Server\150\DTS\Binn\;C:\Program Files\Azure Data Studio\bin;C:\Users\P1342662\AppData\Local\Microsoft\WindowsApps;C:\Users\P1342662\AppData\Local\Programs\Git\cmd;C:\Users\P1342662\AppData\Local\Programs\Microsoft VS Code\bin;C:\Program Files\Azure Data Studio\bin;C:\Users\P1342662\AppData\Roaming\npm;C:\Users\P1342662\eclipse\jee-2021-12\eclipse;;." />
    <property name="java.vendor.url" value="http://www.ibm.com" />
    <property name="env.NUMBER_OF_PROCESSORS" value="8" />
    <property name="env.USERDNSDOMAIN" value="NCS.CORP.INT-ADS" />
    <property name="java.vm.vendor" value="IBM Corporation" />
    <property name="java.fullversion" value="8.0.6.15 - pwa6480sr6fp15ifix-20200820_01(SR6 FP15+IJ26443)&#xa;JRE 1.8.0 Windows 10 amd64-64-Bit Compressed References 20200729_452626 (JIT enabled, AOT enabled)&#xa;OpenJ9   - 43296bc&#xa;OMR      - 08b0594&#xa;IBM      - 70917a2" />
    <property name="java.runtime.name" value="Java(TM) SE Runtime Environment" />
    <property name="ant.version" value="Apache Ant(TM) version 1.10.12 compiled on October 13 2021" />
    <property name="sun.java.command" value="org.apache.tools.ant.taskdefs.optional.junit.JUnitTestRunner test.AllTests skipNonTests=false filtertrace=true haltOnError=false haltOnFailure=false formatter=org.apache.tools.ant.taskdefs.optional.junit.OutErrSummaryJUnitResultFormatter showoutput=false outputtoformatters=true logfailedtests=true threadid=0 logtestlistenerevents=false formatter=org.apache.tools.ant.taskdefs.optional.junit.XMLJUnitResultFormatter,C:\Users\P1342662\Documents\NUS ISS - DevOps Engineering and Automation\repo\StackAnnotation\junit\TEST-test.AllTests.xml crashfile=C:\Users\P1342662\Documents\NUS ISS - DevOps Engineering and Automation\repo\StackAnnotation\junitvmwatcher577418312405781015.properties propsfile=C:\Users\P1342662\Documents\NUS ISS - DevOps Engineering and Automation\repo\StackAnnotation\junit1936956439180183736.properties" />
    <property name="java.class.path" value="C:\Users\P1342662\Documents\NUS ISS - DevOps Engineering and Automation\repo\StackAnnotation\bin;C:\Users\P1342662\Documents\NUS ISS - DevOps Engineering and Automation\repo\StackAnnotation\lib\junit-4.11.jar;C:\Users\P1342662\Documents\NUS ISS - DevOps Engineering and Automation\repo\StackAnnotation\lib\hamcrest-core-1.3.jar;C:\Users\P1342662\Documents\NUS ISS - DevOps Engineering and Automation\repo\StackAnnotation;C:\PROGRA~1\IBM\SQLLIB\java\db2java.zip;C:\PROGRA~1\IBM\SQLLIB\java\db2jcc4.jar;C:\PROGRA~1\IBM\SQLLIB\java\sqlj4.zip;C:\PROGRA~1\IBM\SQLLIB\java\db2jcc_license_cisuz.jar;C:\PROGRA~1\IBM\SQLLIB\java\db2jcc_license_cu.jar;C:\PROGRA~1\IBM\SQLLIB\bin;C:\PROGRA~1\IBM\SQLLIB\java\common.jar;C:\Users\P1342662\.p2\pool\plugins\org.apache.ant_1.10.12.v20211102-1452\lib\ant-launcher.jar;C:\Users\P1342662\.p2\pool\plugins\org.apache.ant_1.10.12.v20211102-1452\lib\ant.jar;C:\Users\P1342662\.p2\pool\plugins\org.apache.ant_1.10.12.v20211102-1452\lib\ant-junit.jar;C:\Users\P1342662\.p2\pool\plugins\org.apache.ant_1.10.12.v20211102-1452\lib\ant-junit4.jar" />
    <property name="java.vm.specification.name" value="Java Virtual Machine Specification" />
    <property name="env.windir" value="C:\WINDOWS" />
    <property name="env.LOGONSERVER" value="\\SGDC15" />
    <property name="env.PROCESSOR_ARCHITECTURE" value="AMD64" />
    <property name="java.vm.specification.version" value="1.8" />
    <property name="sun.cpu.endian" value="little" />
    <property name="env.OneDrive" value="C:\Users\P1342662\NCS Pte Ltd" />
    <property name="debuglevel" value="source,lines,vars" />
    <property name="env.ProgramFiles" value="C:\Program Files" />
    <property name="env.ANT_HOME" value="C:\Users\P1342662\.p2\pool\plugins\org.apache.ant_1.10.12.v20211102-1452" />
    <property name="java.io.tmpdir" value="C:\Users\P1342662\AppData\Local\Temp\" />
    <property name="env.UATDATA" value="C:\WINDOWS\CCM\UATData\D9F8C395-CAB8-491d-B8AC-179A1FE1BE77" />
    <property name="env.PROCESSOR_REVISION" value="8e0c" />
    <property name="eclipse.pdebuild.home" value="C:\Users\P1342662\eclipse\jee-2021-12\eclipse\..\..\..\.p2\pool\plugins\org.eclipse.pde.build_3.11.100.v20210916-0743\." />
    <property name="env.CommonProgramFiles(x86)" value="C:\Program Files (x86)\Common Files" />
    <property name="env.SystemRoot" value="C:\WINDOWS" />
    <property name="env.FPS_BROWSER_APP_PROFILE_STRING" value="Internet Explorer" />
    <property name="ibm.system.encoding" value="Cp1252" />
    <property name="ibm.signalhandling.rs" value="false" />
    <property name="java.awt.graphicsenv" value="sun.awt.Win32GraphicsEnvironment" />
    <property name="os.arch" value="amd64" />
    <property name="java.ext.dirs" value="C:\Program Files (x86)\IBM\WebSphere\AppServer\java\jre\lib\ext" />
    <property name="user.dir" value="C:\Users\P1342662\Documents\NUS ISS - DevOps Engineering and Automation\repo\StackAnnotation" />
    <property name="env.LOCALAPPDATA" value="C:\Users\P1342662\AppData\Local" />
    <property name="line.separator" value="&#xd;&#xa;" />
    <property name="java.vm.name" value="IBM J9 VM" />
    <property name="env.PATHEXT" value=".COM;.EXE;.BAT;.CMD;.VBS;.VBE;.JS;.JSE;.WSF;.WSH;.MSC" />
    <property name="env.Path" value="C:/Program Files/AdoptOpenJDK/jdk-11.0.3.7-hotspot/bin/server;C:/Program Files/AdoptOpenJDK/jdk-11.0.3.7-hotspot/bin;C:\Program Files\AdoptOpenJDK\jdk-11.0.3.7-hotspot\bin;C:\Program Files (x86)\Common Files\Oracle\Java\javapath;C:\WINDOWS\system32;C:\WINDOWS;C:\WINDOWS\System32\Wbem;C:\WINDOWS\System32\WindowsPowerShell\v1.0\;C:\WINDOWS\System32\OpenSSH\;C:\Program Files\AdoptOpenJDK\jdk-11.0.3.7-hotspot\bin;C:\apache-maven-3.6.0\bin;C:\Program Files\MySQL\MySQL Utilities 1.6\;C:\Program Files\ibm\gsk8\lib64;C:\Program Files (x86)\ibm\gsk8\lib;C:\PROGRA~1\IBM\SQLLIB\BIN;C:\Program Files\nodejs\;C:\PROGRA~1\IBM\SQLLIB\FUNCTION;C:\PROGRA~1\IBM\SQLLIB\SAMPLES\REPL;C:\Program Files\Microsoft SQL Server\Client SDK\ODBC\170\Tools\Binn\;C:\Program Files (x86)\Microsoft SQL Server\150\Tools\Binn\;C:\Program Files\Microsoft SQL Server\150\Tools\Binn\;C:\Program Files\Microsoft SQL Server\150\DTS\Binn\;C:\Program Files (x86)\Microsoft SQL Server\150\DTS\Binn\;C:\Program Files\Azure Data Studio\bin;C:\Users\P1342662\AppData\Local\Microsoft\WindowsApps;C:\Users\P1342662\AppData\Local\Programs\Git\cmd;C:\Users\P1342662\AppData\Local\Programs\Microsoft VS Code\bin;C:\Program Files\Azure Data Studio\bin;C:\Users\P1342662\AppData\Roaming\npm;C:\Users\P1342662\eclipse\jee-2021-12\eclipse;" />
    <property name="com.ibm.oti.shared.enabled" value="false" />
    <property name="com.ibm.vm.bitmode" value="64" />
    <property name="basedir" value="C:\Users\P1342662\Documents\NUS ISS - DevOps Engineering and Automation\repo\StackAnnotation" />
    <property name="ant.java.version" value="1.8" />
    <property name="ant.core.lib" value="C:\Users\P1342662\.p2\pool\plugins\org.apache.ant_1.10.12.v20211102-1452\lib\ant.jar" />
    <property name="env.USERNAME" value="P1342662" />
    <property name="env.SystemDrive" value="C:" />
    <property name="source" value="1.7" />
    <property name="file.encoding" value="Cp1252" />
    <property name="env.USERDOMAIN" value="NCS" />
    <property name="java.specification.version" value="1.8" />
    <property name="com.ibm.oti.configuration" value="scar" />
    <property name="ant.project.invoked-targets" value="build" />
    <property name="env.PROCESSOR_LEVEL" value="6" />
  </properties>
  <error message="JVMCFRE003 bad major version; class=test/AllTests, offset=6" type="java.lang.UnsupportedClassVersionError">java.lang.UnsupportedClassVersionError: JVMCFRE003 bad major version; class=test/AllTests, offset=6
	at java.lang.ClassLoader.defineClassInternal(ClassLoader.java:398)
	at java.lang.ClassLoader.defineClass(ClassLoader.java:359)
	at java.security.SecureClassLoader.defineClass(SecureClassLoader.java:154)
	at java.net.URLClassLoader.defineClass(URLClassLoader.java:730)
	at java.net.URLClassLoader.access$400(URLClassLoader.java:96)
	at java.net.URLClassLoader$ClassFinder.run(URLClassLoader.java:1187)
	at java.security.AccessController.doPrivileged(AccessController.java:770)
	at java.net.URLClassLoader.findClass(URLClassLoader.java:605)
	at java.lang.ClassLoader.loadClassHelper(ClassLoader.java:944)
	at java.lang.ClassLoader.loadClass(ClassLoader.java:889)
	at sun.misc.Launcher$AppClassLoader.loadClass(Launcher.java:349)
	at java.lang.ClassLoader.loadClass(ClassLoader.java:872)
	at java.lang.Class.forNameImpl(Native Method)
	at java.lang.Class.forName(Class.java:407)
</error>
  <system-out><![CDATA[]]></system-out>
  <system-err><![CDATA[]]></system-err>
</testsuite>
